Arguments: 
  /usr/local/Cellar/node@10/10.16.3/bin/node /usr/local/Cellar/yarn/1.19.2/libexec/bin/yarn.js install

PATH: 
  /usr/local/opt/node@10/bin:/Users/chauncey/.pyenv/shims:/Users/chauncey/.pyenv/bin:/Users/chauncey/.cargo/bin:/usr/local/bin:/usr/bin:/bin:/usr/sbin:/sbin:/usr/local/go/bin:/usr/local/go/bin:/Users/chauncey/go/bin:/usr/local/bin

Yarn version: 
  1.19.2

Node version: 
  10.16.3

Platform: 
  darwin x64

Trace: 
  SyntaxError: /Users/chauncey/Documents/workplace/D191203/frontend/package.json: Unexpected token } in JSON at position 335
      at JSON.parse (<anonymous>)
      at /usr/local/Cellar/yarn/1.19.2/libexec/lib/cli.js:1625:59
      at Generator.next (<anonymous>)
      at step (/usr/local/Cellar/yarn/1.19.2/libexec/lib/cli.js:304:30)
      at /usr/local/Cellar/yarn/1.19.2/libexec/lib/cli.js:315:13

npm manifest: 
  {
    "name": "nearbybar",
    "version": "0.1.0",
    "private": true,
    "scripts": {
      "serve": "vue-cli-service serve",
      "build": "vue-cli-service build",
      "lint": "vue-cli-service lint"
    },
    "dependencies": {
      "core-js": "^3.4.3",
      "register-service-worker": "^1.6.2",
      "vue": "^2.6.10",
      "vue-router": "^3.1.3",
    },
    "devDependencies": {
      "@vue/cli-plugin-babel": "^4.1.0",
      "@vue/cli-plugin-eslint": "^4.1.0",
      "@vue/cli-plugin-pwa": "^4.1.0",
      "@vue/cli-plugin-router": "^4.1.0",
      "@vue/cli-service": "^4.1.0",
      "@vue/eslint-config-prettier": "^5.0.0",
      "babel-eslint": "^10.0.3",
      "eslint": "^5.16.0",
      "eslint-plugin-prettier": "^3.1.1",
      "eslint-plugin-vue": "^5.0.0",
      "node-sass": "^4.12.0",
      "prettier": "^1.19.1",
      "sass-loader": "^8.0.0",
      "vue-template-compiler": "^2.6.10"
    }
  }

yarn manifest: 
  No manifest

Lockfile: 
  No lockfile
